<?xml version="1.0" encoding="UTF-8" ?>
<testsuite tests="101" failures="0" name="initial.case01.Case01" time="1.299" errors="0" skipped="1">
  <properties>
    <property name="java.runtime.name" value="OpenJDK Runtime Environment"/>
    <property name="sun.boot.library.path" value="/usr/lib/jvm/java-8-openjdk-amd64/jre/lib/amd64"/>
    <property name="java.vm.version" value="25.91-b14"/>
    <property name="java.vm.vendor" value="Oracle Corporation"/>
    <property name="java.vendor.url" value="http://java.oracle.com/"/>
    <property name="path.separator" value=":"/>
    <property name="guice.disable.misplaced.annotation.check" value="true"/>
    <property name="java.vm.name" value="OpenJDK 64-Bit Server VM"/>
    <property name="file.encoding.pkg" value="sun.io"/>
    <property name="user.country" value="BR"/>
    <property name="sun.java.launcher" value="SUN_STANDARD"/>
    <property name="sun.os.patch.level" value="unknown"/>
    <property name="test" value="initial.case01.Case01"/>
    <property name="java.vm.specification.name" value="Java Virtual Machine Specification"/>
    <property name="user.dir" value="/dados/projetos/repository/github/retest"/>
    <property name="java.runtime.version" value="1.8.0_91-8u91-b14-3ubuntu1~16.04.1-b14"/>
    <property name="java.awt.graphicsenv" value="sun.awt.X11GraphicsEnvironment"/>
    <property name="java.endorsed.dirs" value="/usr/lib/jvm/java-8-openjdk-amd64/jre/lib/endorsed"/>
    <property name="os.arch" value="amd64"/>
    <property name="java.io.tmpdir" value="/tmp"/>
    <property name="line.separator" value="
"/>
    <property name="java.vm.specification.vendor" value="Oracle Corporation"/>
    <property name="os.name" value="Linux"/>
    <property name="maven.ext.class.path" value="/usr/local/netbeans-8.1/java/maven-nblib/netbeans-eventspy.jar"/>
    <property name="classworlds.conf" value="/usr/local/netbeans-8.1/java/maven/bin/m2.conf"/>
    <property name="sun.jnu.encoding" value="UTF-8"/>
    <property name="java.library.path" value="/usr/lib/jvm/default-java/jre/lib/amd64:/usr/lib/jvm/default-java/jre/lib/i386::/usr/java/packages/lib/amd64:/usr/lib/x86_64-linux-gnu/jni:/lib/x86_64-linux-gnu:/usr/lib/x86_64-linux-gnu:/usr/lib/jni:/lib:/usr/lib"/>
    <property name="java.specification.name" value="Java Platform API Specification"/>
    <property name="java.class.version" value="52.0"/>
    <property name="sun.management.compiler" value="HotSpot 64-Bit Tiered Compilers"/>
    <property name="os.version" value="4.4.0-34-generic"/>
    <property name="user.home" value="/home/andreivo"/>
    <property name="user.timezone" value="America/Sao_Paulo"/>
    <property name="java.awt.printerjob" value="sun.print.PSPrinterJob"/>
    <property name="java.specification.version" value="1.8"/>
    <property name="file.encoding" value="UTF-8"/>
    <property name="user.name" value="andreivo"/>
    <property name="java.class.path" value="/usr/local/netbeans-8.1/java/maven/boot/plexus-classworlds-2.4.jar"/>
    <property name="java.vm.specification.version" value="1.8"/>
    <property name="sun.arch.data.model" value="64"/>
    <property name="java.home" value="/usr/lib/jvm/java-8-openjdk-amd64/jre"/>
    <property name="sun.java.command" value="org.codehaus.plexus.classworlds.launcher.Launcher -Dtest=initial.case01.Case01 -Dmaven.ext.class.path=/usr/local/netbeans-8.1/java/maven-nblib/netbeans-eventspy.jar surefire:test"/>
    <property name="java.specification.vendor" value="Oracle Corporation"/>
    <property name="user.language" value="pt"/>
    <property name="awt.toolkit" value="sun.awt.X11.XToolkit"/>
    <property name="java.vm.info" value="mixed mode"/>
    <property name="java.version" value="1.8.0_91"/>
    <property name="java.ext.dirs" value="/usr/lib/jvm/java-8-openjdk-amd64/jre/lib/ext:/usr/java/packages/lib/ext"/>
    <property name="securerandom.source" value="file:/dev/./urandom"/>
    <property name="sun.boot.class.path" value="/usr/lib/jvm/java-8-openjdk-amd64/jre/lib/resources.jar:/usr/lib/jvm/java-8-openjdk-amd64/jre/lib/rt.jar:/usr/lib/jvm/java-8-openjdk-amd64/jre/lib/sunrsasign.jar:/usr/lib/jvm/java-8-openjdk-amd64/jre/lib/jsse.jar:/usr/lib/jvm/java-8-openjdk-amd64/jre/lib/jce.jar:/usr/lib/jvm/java-8-openjdk-amd64/jre/lib/charsets.jar:/usr/lib/jvm/java-8-openjdk-amd64/jre/lib/jfr.jar:/usr/lib/jvm/java-8-openjdk-amd64/jre/classes"/>
    <property name="java.vendor" value="Oracle Corporation"/>
    <property name="maven.home" value="/usr/local/netbeans-8.1/java/maven"/>
    <property name="file.separator" value="/"/>
    <property name="java.vendor.url.bug" value="http://bugreport.sun.com/bugreport/"/>
    <property name="sun.cpu.endian" value="little"/>
    <property name="sun.io.unicode.encoding" value="UnicodeLittle"/>
    <property name="sun.desktop" value="gnome"/>
    <property name="sun.cpu.isalist" value=""/>
  </properties>
  <testcase classname="initial.case01.Case01" name="testLoad" time="0">
    <skipped/>
  </testcase>
  <testcase classname="initial.case01.Case01" name="test ReTest[1]" time="0.023"/>
  <testcase classname="initial.case01.Case01" name="test ReTest[2]" time="0.011"/>
  <testcase classname="initial.case01.Case01" name="test ReTest[3]" time="0.011"/>
  <testcase classname="initial.case01.Case01" name="test ReTest[4]" time="0.011"/>
  <testcase classname="initial.case01.Case01" name="test ReTest[5]" time="0.011"/>
  <testcase classname="initial.case01.Case01" name="test ReTest[6]" time="0.011"/>
  <testcase classname="initial.case01.Case01" name="test ReTest[7]" time="0.012"/>
  <testcase classname="initial.case01.Case01" name="test ReTest[8]" time="0.012"/>
  <testcase classname="initial.case01.Case01" name="test ReTest[9]" time="0.011"/>
  <testcase classname="initial.case01.Case01" name="test ReTest[10]" time="0.011"/>
  <testcase classname="initial.case01.Case01" name="test ReTest[11]" time="0.012"/>
  <testcase classname="initial.case01.Case01" name="test ReTest[12]" time="0.011"/>
  <testcase classname="initial.case01.Case01" name="test ReTest[13]" time="0.011"/>
  <testcase classname="initial.case01.Case01" name="test ReTest[14]" time="0.011"/>
  <testcase classname="initial.case01.Case01" name="test ReTest[15]" time="0.012"/>
  <testcase classname="initial.case01.Case01" name="test ReTest[16]" time="0.015"/>
  <testcase classname="initial.case01.Case01" name="test ReTest[17]" time="0.012"/>
  <testcase classname="initial.case01.Case01" name="test ReTest[18]" time="0.011"/>
  <testcase classname="initial.case01.Case01" name="test ReTest[19]" time="0.011"/>
  <testcase classname="initial.case01.Case01" name="test ReTest[20]" time="0.011"/>
  <testcase classname="initial.case01.Case01" name="test ReTest[21]" time="0.012"/>
  <testcase classname="initial.case01.Case01" name="test ReTest[22]" time="0.012"/>
  <testcase classname="initial.case01.Case01" name="test ReTest[23]" time="0.012"/>
  <testcase classname="initial.case01.Case01" name="test ReTest[24]" time="0.011"/>
  <testcase classname="initial.case01.Case01" name="test ReTest[25]" time="0.012"/>
  <testcase classname="initial.case01.Case01" name="test ReTest[26]" time="0.012"/>
  <testcase classname="initial.case01.Case01" name="test ReTest[27]" time="0.011"/>
  <testcase classname="initial.case01.Case01" name="test ReTest[28]" time="0.012"/>
  <testcase classname="initial.case01.Case01" name="test ReTest[29]" time="0.011"/>
  <testcase classname="initial.case01.Case01" name="test ReTest[30]" time="0.011"/>
  <testcase classname="initial.case01.Case01" name="test ReTest[31]" time="0.012"/>
  <testcase classname="initial.case01.Case01" name="test ReTest[32]" time="0.012"/>
  <testcase classname="initial.case01.Case01" name="test ReTest[33]" time="0.013"/>
  <testcase classname="initial.case01.Case01" name="test ReTest[34]" time="0.016"/>
  <testcase classname="initial.case01.Case01" name="test ReTest[35]" time="0.01"/>
  <testcase classname="initial.case01.Case01" name="test ReTest[36]" time="0.012"/>
  <testcase classname="initial.case01.Case01" name="test ReTest[37]" time="0.012"/>
  <testcase classname="initial.case01.Case01" name="test ReTest[38]" time="0.012"/>
  <testcase classname="initial.case01.Case01" name="test ReTest[39]" time="0.012"/>
  <testcase classname="initial.case01.Case01" name="test ReTest[40]" time="0.011"/>
  <testcase classname="initial.case01.Case01" name="test ReTest[41]" time="0.011"/>
  <testcase classname="initial.case01.Case01" name="test ReTest[42]" time="0.012"/>
  <testcase classname="initial.case01.Case01" name="test ReTest[43]" time="0.011"/>
  <testcase classname="initial.case01.Case01" name="test ReTest[44]" time="0.011"/>
  <testcase classname="initial.case01.Case01" name="test ReTest[45]" time="0.012"/>
  <testcase classname="initial.case01.Case01" name="test ReTest[46]" time="0.011"/>
  <testcase classname="initial.case01.Case01" name="test ReTest[47]" time="0.011"/>
  <testcase classname="initial.case01.Case01" name="test ReTest[48]" time="0.013"/>
  <testcase classname="initial.case01.Case01" name="test ReTest[49]" time="0.011"/>
  <testcase classname="initial.case01.Case01" name="test ReTest[50]" time="0.012"/>
  <testcase classname="initial.case01.Case01" name="test ReTest[51]" time="0.011"/>
  <testcase classname="initial.case01.Case01" name="test ReTest[52]" time="0.011"/>
  <testcase classname="initial.case01.Case01" name="test ReTest[53]" time="0.011"/>
  <testcase classname="initial.case01.Case01" name="test ReTest[54]" time="0.011"/>
  <testcase classname="initial.case01.Case01" name="test ReTest[55]" time="0.011"/>
  <testcase classname="initial.case01.Case01" name="test ReTest[56]" time="0.012"/>
  <testcase classname="initial.case01.Case01" name="test ReTest[57]" time="0.011"/>
  <testcase classname="initial.case01.Case01" name="test ReTest[58]" time="0.012"/>
  <testcase classname="initial.case01.Case01" name="test ReTest[59]" time="0.011"/>
  <testcase classname="initial.case01.Case01" name="test ReTest[60]" time="0.011"/>
  <testcase classname="initial.case01.Case01" name="test ReTest[61]" time="0.011"/>
  <testcase classname="initial.case01.Case01" name="test ReTest[62]" time="0.012"/>
  <testcase classname="initial.case01.Case01" name="test ReTest[63]" time="0.011"/>
  <testcase classname="initial.case01.Case01" name="test ReTest[64]" time="0.011"/>
  <testcase classname="initial.case01.Case01" name="test ReTest[65]" time="0.012"/>
  <testcase classname="initial.case01.Case01" name="test ReTest[66]" time="0.012"/>
  <testcase classname="initial.case01.Case01" name="test ReTest[67]" time="0.011"/>
  <testcase classname="initial.case01.Case01" name="test ReTest[68]" time="0.011"/>
  <testcase classname="initial.case01.Case01" name="test ReTest[69]" time="0.011"/>
  <testcase classname="initial.case01.Case01" name="test ReTest[70]" time="0.011"/>
  <testcase classname="initial.case01.Case01" name="test ReTest[71]" time="0.012"/>
  <testcase classname="initial.case01.Case01" name="test ReTest[72]" time="0.012"/>
  <testcase classname="initial.case01.Case01" name="test ReTest[73]" time="0.011"/>
  <testcase classname="initial.case01.Case01" name="test ReTest[74]" time="0.012"/>
  <testcase classname="initial.case01.Case01" name="test ReTest[75]" time="0.011"/>
  <testcase classname="initial.case01.Case01" name="test ReTest[76]" time="0.011"/>
  <testcase classname="initial.case01.Case01" name="test ReTest[77]" time="0.011"/>
  <testcase classname="initial.case01.Case01" name="test ReTest[78]" time="0.011"/>
  <testcase classname="initial.case01.Case01" name="test ReTest[79]" time="0.012"/>
  <testcase classname="initial.case01.Case01" name="test ReTest[80]" time="0.012"/>
  <testcase classname="initial.case01.Case01" name="test ReTest[81]" time="0.012"/>
  <testcase classname="initial.case01.Case01" name="test ReTest[82]" time="0.012"/>
  <testcase classname="initial.case01.Case01" name="test ReTest[83]" time="0.011"/>
  <testcase classname="initial.case01.Case01" name="test ReTest[84]" time="0.011"/>
  <testcase classname="initial.case01.Case01" name="test ReTest[85]" time="0.011"/>
  <testcase classname="initial.case01.Case01" name="test ReTest[86]" time="0.01"/>
  <testcase classname="initial.case01.Case01" name="test ReTest[87]" time="0.011"/>
  <testcase classname="initial.case01.Case01" name="test ReTest[88]" time="0.012"/>
  <testcase classname="initial.case01.Case01" name="test ReTest[89]" time="0.012"/>
  <testcase classname="initial.case01.Case01" name="test ReTest[90]" time="0.011"/>
  <testcase classname="initial.case01.Case01" name="test ReTest[91]" time="0.011"/>
  <testcase classname="initial.case01.Case01" name="test ReTest[92]" time="0.012"/>
  <testcase classname="initial.case01.Case01" name="test ReTest[93]" time="0.012"/>
  <testcase classname="initial.case01.Case01" name="test ReTest[94]" time="0.011"/>
  <testcase classname="initial.case01.Case01" name="test ReTest[95]" time="0.011"/>
  <testcase classname="initial.case01.Case01" name="test ReTest[96]" time="0.011"/>
  <testcase classname="initial.case01.Case01" name="test ReTest[97]" time="0.012"/>
  <testcase classname="initial.case01.Case01" name="test ReTest[98]" time="0.012"/>
  <testcase classname="initial.case01.Case01" name="test ReTest[99]" time="0.011"/>
  <testcase classname="initial.case01.Case01" name="test ReTest[100]" time="0.012"/>
</testsuite>